2023-04-16 23:00:20 [main] INFO  c.example.houtai.HoutaiApplication - Starting HoutaiApplication using Java 19.0.2 with PID 22597 (/Users/sylvia/IdeaProjects/houtai/target/classes started by sylvia in /Users/sylvia/IdeaProjects/houtai)
2023-04-16 23:00:20 [main] INFO  c.example.houtai.HoutaiApplication - No active profile set, falling back to 1 default profile: "default"
2023-04-16 23:00:21 [main] INFO  o.s.b.w.e.tomcat.TomcatWebServer - Tomcat initialized with port(s): 28080 (http)
2023-04-16 23:00:21 [main] INFO  o.a.catalina.core.StandardService - Starting service [Tomcat]
2023-04-16 23:00:21 [main] INFO  o.a.catalina.core.StandardEngine - Starting Servlet engine: [Apache Tomcat/10.1.7]
2023-04-16 23:00:21 [main] INFO  o.a.c.c.C.[Tomcat].[localhost].[/] - Initializing Spring embedded WebApplicationContext
2023-04-16 23:00:21 [main] INFO  o.s.b.w.s.c.ServletWebServerApplicationContext - Root WebApplicationContext: initialization completed in 1011 ms
2023-04-16 23:00:21 [main] INFO  o.s.b.w.e.tomcat.TomcatWebServer - Tomcat started on port(s): 28080 (http) with context path ''
2023-04-16 23:00:21 [main] INFO  c.example.houtai.HoutaiApplication - Started HoutaiApplication in 1.95 seconds (process running for 7.682)
2023-04-16 23:00:58 [http-nio-28080-exec-1] INFO  o.a.c.c.C.[Tomcat].[localhost].[/] - Initializing Spring DispatcherServlet 'dispatcherServlet'
2023-04-16 23:00:58 [http-nio-28080-exec-1] INFO  o.s.web.servlet.DispatcherServlet - Initializing Servlet 'dispatcherServlet'
2023-04-16 23:00:58 [http-nio-28080-exec-1] INFO  o.s.web.servlet.DispatcherServlet - Completed initialization in 1 ms
2023-04-16 23:00:58 [http-nio-28080-exec-1] INFO  c.e.houtai.entity.HoutaiController - This is an info log message.
2023-04-16 23:57:06 [main] INFO  c.example.houtai.HoutaiApplication - Starting HoutaiApplication using Java 19.0.2 with PID 22926 (/Users/sylvia/IdeaProjects/houtai/target/classes started by sylvia in /Users/sylvia/IdeaProjects/houtai)
2023-04-16 23:57:06 [main] INFO  c.example.houtai.HoutaiApplication - No active profile set, falling back to 1 default profile: "default"
2023-04-16 23:57:07 [main] INFO  o.s.b.w.e.tomcat.TomcatWebServer - Tomcat initialized with port(s): 28080 (http)
2023-04-16 23:57:07 [main] INFO  o.a.catalina.core.StandardService - Starting service [Tomcat]
2023-04-16 23:57:07 [main] INFO  o.a.catalina.core.StandardEngine - Starting Servlet engine: [Apache Tomcat/10.1.7]
2023-04-16 23:57:07 [main] INFO  o.a.c.c.C.[Tomcat].[localhost].[/] - Initializing Spring embedded WebApplicationContext
2023-04-16 23:57:07 [main] INFO  o.s.b.w.s.c.ServletWebServerApplicationContext - Root WebApplicationContext: initialization completed in 1039 ms
2023-04-16 23:57:07 [main] WARN  o.s.b.w.s.c.AnnotationConfigServletWebServerApplicationContext - Exception encountered during context initialization - cancelling refresh attempt: org.springframework.beans.factory.UnsatisfiedDependencyException: Error creating bean with name 'authController': Unsatisfied dependency expressed through field 'userMapper': No qualifying bean of type 'com.example.houtai.mapper.UserMapper' available: expected at least 1 bean which qualifies as autowire candidate. Dependency annotations: {@org.springframework.beans.factory.annotation.Autowired(required=true)}
2023-04-16 23:57:07 [main] INFO  o.a.catalina.core.StandardService - Stopping service [Tomcat]
2023-04-16 23:57:07 [main] INFO  o.s.b.a.l.ConditionEvaluationReportLogger - 

Error starting ApplicationContext. To display the condition evaluation report re-run your application with 'debug' enabled.
2023-04-16 23:57:07 [main] ERROR o.s.b.d.LoggingFailureAnalysisReporter - 

***************************
APPLICATION FAILED TO START
***************************

Description:

Field userMapper in com.example.houtai.controller.AuthController required a bean of type 'com.example.houtai.mapper.UserMapper' that could not be found.

The injection point has the following annotations:
	- @org.springframework.beans.factory.annotation.Autowired(required=true)


Action:

Consider defining a bean of type 'com.example.houtai.mapper.UserMapper' in your configuration.

2023-04-16 23:57:43 [main] INFO  c.example.houtai.HoutaiApplication - Starting HoutaiApplication using Java 19.0.2 with PID 22934 (/Users/sylvia/IdeaProjects/houtai/target/classes started by sylvia in /Users/sylvia/IdeaProjects/houtai)
2023-04-16 23:57:43 [main] INFO  c.example.houtai.HoutaiApplication - No active profile set, falling back to 1 default profile: "default"
2023-04-16 23:57:44 [main] INFO  o.s.b.w.e.tomcat.TomcatWebServer - Tomcat initialized with port(s): 28080 (http)
2023-04-16 23:57:44 [main] INFO  o.a.catalina.core.StandardService - Starting service [Tomcat]
2023-04-16 23:57:44 [main] INFO  o.a.catalina.core.StandardEngine - Starting Servlet engine: [Apache Tomcat/10.1.7]
2023-04-16 23:57:44 [main] INFO  o.a.c.c.C.[Tomcat].[localhost].[/] - Initializing Spring embedded WebApplicationContext
2023-04-16 23:57:44 [main] INFO  o.s.b.w.s.c.ServletWebServerApplicationContext - Root WebApplicationContext: initialization completed in 1168 ms
2023-04-16 23:57:44 [main] WARN  o.s.b.w.s.c.AnnotationConfigServletWebServerApplicationContext - Exception encountered during context initialization - cancelling refresh attempt: org.springframework.beans.factory.UnsatisfiedDependencyException: Error creating bean with name 'authController': Unsatisfied dependency expressed through field 'userMapper': No qualifying bean of type 'com.example.houtai.mapper.UserMapper' available: expected at least 1 bean which qualifies as autowire candidate. Dependency annotations: {@org.springframework.beans.factory.annotation.Autowired(required=true)}
2023-04-16 23:57:44 [main] INFO  o.a.catalina.core.StandardService - Stopping service [Tomcat]
2023-04-16 23:57:44 [main] INFO  o.s.b.a.l.ConditionEvaluationReportLogger - 

Error starting ApplicationContext. To display the condition evaluation report re-run your application with 'debug' enabled.
2023-04-16 23:57:44 [main] ERROR o.s.b.d.LoggingFailureAnalysisReporter - 

***************************
APPLICATION FAILED TO START
***************************

Description:

Field userMapper in com.example.houtai.controller.AuthController required a bean of type 'com.example.houtai.mapper.UserMapper' that could not be found.

The injection point has the following annotations:
	- @org.springframework.beans.factory.annotation.Autowired(required=true)


Action:

Consider defining a bean of type 'com.example.houtai.mapper.UserMapper' in your configuration.

2023-04-16 23:59:00 [main] INFO  c.example.houtai.HoutaiApplication - Starting HoutaiApplication using Java 19.0.2 with PID 22940 (/Users/sylvia/IdeaProjects/houtai/target/classes started by sylvia in /Users/sylvia/IdeaProjects/houtai)
2023-04-16 23:59:00 [main] INFO  c.example.houtai.HoutaiApplication - No active profile set, falling back to 1 default profile: "default"
2023-04-16 23:59:01 [main] INFO  o.s.b.w.e.tomcat.TomcatWebServer - Tomcat initialized with port(s): 28080 (http)
2023-04-16 23:59:01 [main] INFO  o.a.catalina.core.StandardService - Starting service [Tomcat]
2023-04-16 23:59:01 [main] INFO  o.a.catalina.core.StandardEngine - Starting Servlet engine: [Apache Tomcat/10.1.7]
2023-04-16 23:59:01 [main] INFO  o.a.c.c.C.[Tomcat].[localhost].[/] - Initializing Spring embedded WebApplicationContext
2023-04-16 23:59:01 [main] INFO  o.s.b.w.s.c.ServletWebServerApplicationContext - Root WebApplicationContext: initialization completed in 1062 ms
2023-04-16 23:59:01 [main] WARN  o.s.b.w.s.c.AnnotationConfigServletWebServerApplicationContext - Exception encountered during context initialization - cancelling refresh attempt: org.springframework.beans.factory.UnsatisfiedDependencyException: Error creating bean with name 'authController': Unsatisfied dependency expressed through field 'userMapper': No qualifying bean of type 'com.example.houtai.mapper.UserMapper' available: expected at least 1 bean which qualifies as autowire candidate. Dependency annotations: {@org.springframework.beans.factory.annotation.Autowired(required=true)}
2023-04-16 23:59:01 [main] INFO  o.a.catalina.core.StandardService - Stopping service [Tomcat]
2023-04-16 23:59:02 [main] INFO  o.s.b.a.l.ConditionEvaluationReportLogger - 

Error starting ApplicationContext. To display the condition evaluation report re-run your application with 'debug' enabled.
2023-04-16 23:59:02 [main] ERROR o.s.b.d.LoggingFailureAnalysisReporter - 

***************************
APPLICATION FAILED TO START
***************************

Description:

Field userMapper in com.example.houtai.controller.AuthController required a bean of type 'com.example.houtai.mapper.UserMapper' that could not be found.

The injection point has the following annotations:
	- @org.springframework.beans.factory.annotation.Autowired(required=true)


Action:

Consider defining a bean of type 'com.example.houtai.mapper.UserMapper' in your configuration.

